1564739641	26.5	42.2	1002.9
1564739762	26.5	42.2	1002.9
1564739882	26.5	42.2	1003.0
1564740002	26.5	42.2	1003.0
1564740122	26.5	42.2	1002.9
1564740242	26.5	42.1	1002.8
1564740361	26.5	42.0	1002.9
1564740482	26.6	42.1	1002.9
1564740602	26.5	42.0	1002.9
1564740722	26.5	41.9	1002.9
1564740842	26.6	42.0	1003.0
1564740961	26.6	42.0	1003.0
1564741082	26.6	42.0	1002.9
1564741202	26.6	41.9	1003.0
1564741322	26.6	41.9	1002.9
1564741442	26.7	41.8	1002.9
1564741562	26.7	41.6	1002.8
1564741681	26.8	41.7	1002.8
1564741801	26.8	41.5	1002.8
1564741922	26.8	41.5	1002.7
1564742042	26.8	41.4	1002.7
1564742162	26.8	41.6	1002.7
1564742282	26.8	41.6	1002.7
1564742402	26.8	41.6	1002.8
1564742521	26.8	41.7	1002.8
1564742641	26.8	41.7	1002.8
1564742762	26.8	41.7	1002.8
1564742882	26.8	41.6	1002.7
1564743002	26.8	41.6	1002.6
1564743122	26.8	41.6	1002.7
1564743242	26.8	41.5	1002.7
1564743362	26.8	41.5	1002.8
1564743482	26.8	41.5	1002.7
1564743602	26.8	41.5	1002.6
1564743722	26.8	41.5	1002.7
1564743842	26.8	41.5	1002.7
1564743961	26.8	41.5	1002.8
1564744081	26.8	41.6	1002.8
1564744201	26.8	41.6	1002.7
1564744322	26.8	41.6	1002.6
1564744442	26.8	41.6	1002.7
1564744562	26.8	41.7	1002.7
1564744682	26.8	41.6	1002.7
1564744802	26.8	41.6	1002.6
1564744922	26.8	41.6	1002.6
1564745042	26.8	41.6	1002.7
1564745162	26.8	41.6	1002.6
1564745282	26.8	41.6	1002.5
1564745401	26.9	41.7	1002.5
1564745522	26.9	41.7	1002.5
1564745642	26.9	41.5	1002.5
1564745761	26.9	41.5	1002.4
1564745881	26.9	41.5	1002.5
1564746001	26.9	41.5	1002.4
1564746122	26.9	41.4	1002.5
1564746242	27.0	41.4	1002.5
1564746362	26.9	41.4	1002.6
1564746482	26.9	41.5	1002.6
1564746601	26.9	41.5	1002.6
1564746721	26.9	41.6	1002.6
1564746842	27.0	41.5	1002.6
1564746962	26.9	41.5	1002.6
1564747082	27.0	41.5	1002.6
1564747202	27.1	41.2	1002.6
1564747322	27.2	41.1	1002.5
1564747442	27.2	41.1	1002.5
1564747562	27.2	40.9	1002.4
1564747682	27.3	40.8	1002.4
1564747802	27.4	40.7	1002.3
1564747922	27.4	40.7	1002.4
1564748042	27.4	40.6	1002.4
1564748162	27.5	40.6	1002.4
1564748282	27.5	40.6	1002.3
1564748402	27.5	40.5	1002.4
1564748521	27.5	40.4	1002.3
1564748641	27.5	40.5	1002.4
1564748762	27.4	40.8	1002.4
1564748882	27.4	40.8	1002.4
1564749001	27.3	40.9	1002.4
1564749122	27.4	41.0	1002.4
1564749242	27.3	40.9	1002.5
1564749362	27.3	41.0	1002.7
1564749482	27.3	41.1	1002.7
1564749602	27.2	41.2	1003.1
1564749721	27.3	41.2	1003.0
1564749841	27.3	41.2	1002.9
1564749962	27.2	41.1	1003.1
1564750082	27.2	41.2	1003.2
1564750202	27.2	41.2	1003.3
1564750322	27.2	41.4	1003.3
1564750442	27.2	41.4	1003.5
1564750561	27.2	41.6	1003.5
1564750682	27.2	41.6	1003.5
1564750802	27.2	41.8	1003.5
1564750921	27.2	41.7	1003.5
1564751041	27.2	42.0	1003.5
1564751162	27.2	42.1	1003.5
1564751282	27.2	42.8	1003.5
1564751402	27.2	43.4	1003.5
1564751522	27.2	43.4	1003.5
1564751642	27.2	43.6	1003.5
1564751762	27.2	43.5	1003.5
1564751882	27.3	43.7	1003.4
1564752001	27.3	43.1	1003.3
1564752122	27.3	43.6	1003.4
1564752242	27.3	43.9	1003.4
1564752362	27.3	44.1	1003.1
1564752482	27.3	44.0	1003.2
1564752602	27.3	44.1	1003.1
1564752722	27.3	43.5	1003.1
1564752842	27.3	44.3	1003.2
1564752962	27.4	44.6	1003.1
1564753082	27.3	44.4	1003.1
1564753202	27.4	44.6	1003.0
1564753321	27.3	44.8	1003.0
1564753441	27.4	44.8	1003.0
1564753562	27.4	44.9	1003.0
1564753682	27.4	44.4	1003.1
1564753802	27.4	46.0	1003.0
1564753922	27.2	47.0	1003.0
1564754042	27.0	47.2	1002.9
1564754161	26.9	47.7	1003.0
1564754281	26.9	48.3	1002.8
1564754402	26.9	49.1	1002.9
1564754522	26.8	49.0	1002.7
1564754642	27.0	48.9	1002.8
1564754762	26.9	49.9	1002.7
1564754882	26.9	49.9	1002.7
1564755002	26.9	49.9	1002.7
1564755122	26.9	50.2	1002.8
1564755242	26.9	50.4	1002.6
1564755362	26.8	50.9	1002.6
1564755482	26.9	50.3	1002.6
1564755602	26.9	50.1	1002.7
1564755721	26.9	50.1	1002.6
1564755841	26.8	50.2	1002.7
1564755962	26.8	50.2	1002.8
1564756082	27.0	49.7	1002.8
1564756202	27.1	49.1	1002.8
1564756322	27.1	49.1	1002.7
1564756442	27.2	48.8	1002.7
1564756561	27.2	49.0	1002.8
1564756682	27.3	48.8	1002.8
1564756802	27.2	48.8	1002.8
1564756922	27.3	48.9	1002.8
1564757042	27.3	49.0	1002.8
1564757162	27.3	48.6	1002.7
1564757282	27.3	48.7	1002.5
1564757401	27.3	49.0	1002.6
1564757521	27.3	48.9	1002.7
1564757642	27.3	49.2	1002.5
1564757762	27.3	48.9	1002.5
1564757882	27.3	48.8	1002.5
1564758002	27.4	48.7	1002.5
1564758121	27.4	48.7	1002.4
1564758242	27.4	48.6	1002.4
1564758362	27.4	48.3	1002.3
1564758482	27.5	48.0	1002.3
1564758602	27.4	49.1	1002.4
1564758722	27.3	48.7	1002.3
1564758842	27.3	48.7	1002.3
1564758961	27.3	48.6	1002.2
1564759081	27.2	47.5	1002.2
1564759202	27.3	47.6	1002.2
1564759322	27.3	47.8	1002.1
1564759442	27.4	47.5	1002.0
1564759562	27.4	47.1	1002.2
1564759682	27.4	47.1	1002.0
1564759801	27.3	47.0	1002.1
1564759921	27.3	46.9	1002.0
1564760041	27.3	46.5	1002.1
1564760162	27.2	46.5	1002.1
1564760282	27.3	46.5	1002.0
1564760402	27.3	46.8	1002.1
1564760522	27.3	47.0	1002.1
1564760642	27.3	47.6	1002.0
1564760762	27.3	47.8	1002.0
1564760881	27.2	47.7	1002.0
1564761002	27.2	47.7	1001.9
1564761122	27.2	47.7	1001.9
1564761242	27.2	47.5	1001.7
1564761362	27.3	47.3	1001.7
1564761482	27.4	47.1	1001.7
1564761601	27.5	46.9	1001.7
1564761721	27.5	46.9	1001.6
1564761842	27.5	46.8	1001.7
1564761962	27.4	46.9	1001.7
1564762082	27.5	46.6	1001.6
1564762202	27.5	46.5	1001.6
1564762322	27.5	46.4	1001.5
1564762442	27.6	45.8	1001.6
1564762561	27.6	45.4	1001.5
1564762681	27.6	45.2	1001.6
1564762802	27.6	44.9	1001.5
1564762922	27.6	44.7	1001.4
1564763042	27.7	44.6	1001.5
1564763162	27.7	43.7	1001.4
1564763282	27.7	43.9	1001.3
1564763401	27.7	43.4	1001.5
1564763522	27.7	43.4	1001.4
1564763642	27.8	43.5	1001.4
1564763762	27.9	43.0	1001.6
1564763882	27.9	43.3	1001.4
1564764002	27.9	44.0	1001.4
1564764122	27.9	43.0	1001.5
1564764241	27.9	44.3	1001.4
1564764362	27.9	44.1	1001.4
1564764482	27.8	44.2	1001.3
1564764602	27.8	44.0	1001.4
1564764722	27.8	44.0	1001.4
1564764842	27.8	44.0	1001.2
1564764961	27.8	44.0	1001.4
1564765081	27.8	44.1	1001.4
1564765202	27.7	44.2	1001.3
1564765322	27.7	44.2	1001.5
1564765442	27.7	44.1	1001.3
1564765561	27.7	44.1	1001.4
1564765681	27.7	44.0	1001.5
1564765802	27.7	44.0	1001.5
1564765922	27.7	44.0	1001.5
1564766042	27.7	43.9	1001.5
1564766162	27.7	43.9	1001.4
1564766282	27.7	43.8	1001.5
1564766402	27.7	43.8	1001.3
1564766521	27.7	43.9	1001.5
1564766641	27.7	43.8	1001.4
1564766762	27.6	43.8	1001.4
1564766882	27.7	43.8	1001.4
1564767002	27.6	43.7	1001.5
1564767122	27.6	43.7	1001.5
1564767242	27.6	43.8	1001.6
1564767362	27.6	43.8	1001.6
1564767482	27.6	43.7	1001.6
1564767602	27.6	43.8	1001.5
1564767721	27.6	43.7	1001.5
1564767842	27.6	43.7	1001.4
1564767962	27.6	43.6	1001.4
1564768082	27.7	43.6	1001.5
1564768202	27.7	43.5	1001.4
1564768322	27.6	43.5	1001.4
1564768441	27.6	43.5	1001.5
1564768561	27.6	43.5	1001.5
1564768682	27.6	43.5	1001.5
1564768802	27.6	43.5	1001.5
1564768922	27.6	43.5	1001.6
1564769041	27.6	43.5	1001.5
1564769162	27.6	43.5	1001.6
1564769282	27.6	43.5	1001.5
1564769402	27.6	43.6	1001.6
1564769521	27.6	43.6	1001.6
1564769641	27.6	43.6	1001.7
1564769762	27.5	43.5	1001.7
1564769882	27.6	43.6	1001.6
1564770002	27.5	43.6	1001.7
1564770122	27.5	43.6	1001.8
1564770242	27.5	43.6	1001.8
1564770362	27.5	43.7	1001.7
1564770482	27.5	43.7	1001.7
1564770601	27.5	43.6	1001.8
1564770721	27.5	43.6	1001.8
1564770842	27.5	43.6	1001.8
1564770962	27.5	43.6	1001.8
1564771082	27.5	43.7	1001.7
1564771202	27.5	43.7	1001.8
1564771322	27.5	43.7	1001.8
1564771441	27.5	43.7	1001.8
1564771561	27.5	43.7	1001.8
1564771682	27.5	43.7	1002.0
1564771802	27.5	43.7	1001.9
1564771922	27.5	43.7	1001.9
1564772042	27.5	43.7	1002.0
1564772162	27.5	43.8	1002.1
1564772281	27.5	43.7	1002.1
1564772401	27.5	43.3	1002.1
1564772522	27.5	43.3	1002.1
1564772642	27.5	43.1	1002.1
1564772762	27.5	43.1	1002.2
1564772882	27.5	43.3	1002.1
1564773002	27.5	43.2	1002.2
1564773121	27.5	43.3	1002.1
1564773241	27.5	43.0	1002.2
1564773362	27.5	43.0	1002.4
1564773482	27.5	43.1	1002.4
1564773602	27.5	43.1	1002.4
1564773722	27.5	43.1	1002.3
1564773842	27.4	43.1	1002.4
1564773961	27.4	43.3	1002.5
1564774081	27.4	43.4	1002.7
1564774202	27.3	43.5	1002.7
1564774322	27.3	43.5	1002.6
1564774442	27.4	43.5	1002.6
1564774562	27.4	43.5	1002.7
1564774682	27.4	43.5	1002.6
1564774802	27.4	43.5	1002.6
1564774922	27.4	43.4	1002.5
1564775041	27.4	43.3	1002.4
1564775161	27.4	43.3	1002.4
1564775282	27.3	43.2	1002.3
1564775402	27.3	43.2	1002.4
1564775521	27.4	43.3	1002.4
1564775642	27.4	43.3	1002.5
1564775762	27.3	43.3	1002.4
1564775882	27.3	43.4	1002.5
1564776002	27.3	43.5	1002.4
1564776122	27.3	43.5	1002.4
1564776241	27.3	43.6	1002.4
1564776361	27.3	43.7	1002.4
1564776482	27.2	43.7	1002.5
1564776602	27.2	43.8	1002.4
1564776722	27.3	43.8	1002.4
1564776842	27.2	43.9	1002.3
1564776962	27.2	43.9	1002.2
1564777082	27.2	43.9	1002.2
1564777201	27.2	44.0	1002.3
1564777321	27.2	44.0	1002.3
1564777442	27.2	44.0	1002.2
1564777562	27.2	44.0	1002.2
1564777682	27.2	44.1	1002.1
1564777802	27.2	44.1	1002.2
1564777922	27.2	44.1	1002.2
1564778041	27.2	44.1	1002.2
1564778162	27.2	44.1	1002.2
1564778282	27.2	44.1	1002.1
1564778402	27.2	44.1	1002.3
1564778522	27.2	44.2	1002.2
1564778642	27.2	44.3	1002.2
1564778762	27.1	44.2	1002.2
1564778881	27.2	44.3	1002.3
1564779001	27.1	44.2	1002.3
1564779122	27.2	44.3	1002.1
1564779242	27.1	44.2	1002.3
1564779362	27.1	44.3	1002.2
1564779482	27.1	44.3	1002.2
1564779602	27.1	44.3	1002.4
1564779721	27.1	44.3	1002.2
1564779842	27.1	44.4	1002.3
1564779962	27.1	44.3	1002.4
1564780082	27.1	44.3	1002.3
1564780202	27.1	44.4	1002.3
1564780322	27.1	44.4	1002.3
1564780441	27.1	44.4	1002.3
1564780561	27.1	44.4	1002.4
1564780682	27.1	44.4	1002.3
1564780802	26.9	45.5	1002.3
1564780922	26.7	46.8	1002.3
1564781042	26.6	46.8	1002.3
1564781162	26.7	46.6	1002.4
1564781281	26.8	46.4	1002.3
1564781401	26.8	46.3	1002.3
1564781522	26.8	46.3	1002.3
1564781642	26.8	46.3	1002.3
1564781762	26.9	46.5	1002.4
1564781882	26.9	46.4	1002.4
1564782002	26.9	46.6	1002.4
1564782121	26.8	46.5	1002.3
1564782241	26.8	46.5	1002.3
1564782362	26.8	46.6	1002.4
1564782482	26.8	46.6	1002.4
1564782602	26.8	46.7	1002.3
1564782722	26.8	46.8	1002.3
1564782842	26.8	46.8	1002.2
1564782961	26.8	46.9	1002.2
1564783082	26.8	47.0	1002.3
1564783202	26.8	47.1	1002.3
1564783322	26.8	47.1	1002.3
1564783442	26.8	47.1	1002.2
1564783562	26.7	47.2	1002.3
1564783681	26.7	47.1	1002.3
1564783801	26.7	47.3	1002.2
1564783921	26.7	47.3	1002.2
1564784042	26.7	47.3	1002.2
1564784162	26.7	47.4	1002.2
1564784282	26.7	47.4	1002.2
1564784402	26.7	47.5	1002.2
1564784522	26.7	47.4	1002.1
1564784641	26.7	47.5	1002.2
1564784761	26.7	47.5	1002.2
1564784882	26.7	47.4	1002.2
1564785002	26.7	47.4	1002.1
1564785122	26.7	47.4	1002.2
1564785242	26.7	47.5	1002.1
1564785362	26.7	47.8	1002.1
1564785482	26.6	47.7	1002.2
1564785602	26.6	47.6	1002.1
1564785721	26.7	47.8	1002.0
1564785841	26.6	47.8	1002.1
1564785962	26.7	47.8	1002.1
1564786082	26.6	47.7	1002.1
1564786202	26.6	47.7	1002.0
1564786322	26.6	47.6	1002.0
1564786442	26.6	47.6	1002.0
1564786561	26.6	47.6	1001.9
1564786682	26.6	47.8	1002.0
1564786802	26.6	47.8	1002.0
1564786921	26.5	47.8	1002.0
1564787041	26.6	47.8	1002.0
1564787162	26.5	47.8	1002.1
1564787282	26.5	47.8	1002.1
1564787402	26.5	47.8	1001.9
1564787522	26.5	47.6	1002.0
1564787642	26.5	47.6	1002.0
1564787762	26.5	47.7	1002.0
1564787882	26.5	47.8	1001.9
1564788001	26.5	47.7	1001.9
1564788122	26.5	47.7	1002.0
1564788242	26.5	47.6	1002.1
1564788362	26.5	47.5	1002.1
1564788482	26.5	47.5	1002.0
1564788602	26.4	48.2	1002.1
1564788722	26.4	48.2	1002.2
1564788841	26.4	48.4	1002.1
1564788962	26.4	48.5	1002.1
1564789082	26.3	48.5	1002.1
1564789202	26.4	48.6	1002.0
1564789322	26.3	49.0	1002.1
1564789442	26.2	49.0	1002.0
1564789562	26.2	49.0	1001.9
1564789681	26.2	49.2	1001.9
1564789801	26.1	49.1	1001.9
1564789922	26.1	49.1	1001.9
1564790042	26.1	48.9	1001.8
1564790162	26.1	48.9	1001.9
1564790282	26.1	49.0	1001.8
1564790402	26.1	48.9	1001.8
1564790522	26.0	48.8	1001.8
1564790642	26.0	48.8	1001.9
1564790762	26.0	48.9	1001.8
1564790882	26.0	49.0	1001.8
1564791002	25.9	48.9	1001.8
1564791122	26.0	48.7	1001.7
1564791241	26.0	48.7	1001.7
1564791361	26.0	48.7	1001.7
1564791481	26.0	48.6	1001.8
1564791602	25.9	48.6	1001.6
1564791722	26.0	48.5	1001.6
1564791842	25.9	48.6	1001.6
1564791962	26.0	48.4	1001.6
1564792082	26.0	48.5	1001.7
1564792201	25.9	48.7	1001.6
1564792322	25.8	48.6	1001.7
1564792442	25.9	48.4	1001.7
1564792562	26.0	48.2	1001.6
1564792681	26.0	48.1	1001.7
1564792801	25.9	48.3	1001.7
1564792922	25.8	48.3	1001.7
1564793042	25.7	48.6	1001.8
1564793162	25.7	48.7	1001.6
1564793282	25.6	48.7	1001.6
1564793402	25.6	48.7	1001.6
1564793521	25.7	48.6	1001.5
1564793641	25.6	48.5	1001.6
1564793762	25.7	48.5	1001.6
1564793882	25.7	48.6	1001.5
1564794002	25.8	48.3	1001.5
1564794122	25.7	48.2	1001.5
1564794242	25.8	48.2	1001.5
1564794362	25.8	48.1	1001.5
1564794481	25.9	48.0	1001.4
1564794601	25.8	47.9	1001.4
1564794722	25.9	47.9	1001.4
1564794842	25.9	48.1	1001.4
1564794962	25.8	48.0	1001.5
1564795082	25.8	48.1	1001.4
1564795202	25.7	48.3	1001.3
1564795322	25.7	48.4	1001.2
1564795441	25.7	48.3	1001.3
1564795562	25.8	48.3	1001.2
1564795682	25.7	48.6	1001.2
1564795802	25.6	48.8	1001.2
1564795922	25.6	48.7	1001.2
1564796041	25.7	48.6	1001.2
1564796161	25.6	48.7	1001.1
1564796282	25.6	48.5	1001.1
1564796402	25.7	48.5	1001.0
1564796522	25.7	48.7	1001.1
1564796642	25.7	48.7	1001.1
1564796762	25.6	48.8	1001.0
1564796882	25.6	49.0	1001.1
1564797001	25.5	49.2	1001.0
1564797122	25.5	49.4	1001.1
1564797242	25.5	49.3	1001.0
1564797362	25.5	49.6	1001.0
1564797482	25.5	49.5	1001.0
1564797602	25.5	49.6	1001.0
1564797722	25.5	49.6	1000.9
1564797842	25.5	49.3	1000.9
1564797962	25.5	49.4	1000.8
1564798082	25.5	49.4	1000.8
1564798202	25.6	49.3	1000.8
1564798321	25.5	49.5	1000.9
1564798441	25.6	49.4	1000.9
1564798562	25.5	49.4	1000.9
1564798682	25.5	49.7	1000.8
1564798802	25.4	49.9	1000.8
1564798922	25.5	50.0	1000.8
1564799042	25.5	49.8	1000.8
1564799162	25.4	49.9	1000.6
1564799281	25.5	50.0	1000.7
1564799401	25.3	50.0	1000.7
1564799522	25.3	50.0	1000.7
1564799642	25.4	49.8	1000.7
1564799762	25.4	50.1	1000.7
1564799881	25.4	50.0	1000.7
1564800001	25.3	50.0	1000.7
1564800121	25.3	50.1	1000.7
1564800242	25.3	50.2	1000.6
1564800362	25.3	50.0	1000.7
1564800482	25.3	50.1	1000.7
1564800602	25.3	50.2	1000.7
1564800722	25.3	50.5	1000.6
1564800841	25.3	50.5	1000.7
1564800962	25.2	50.7	1000.7
1564801082	25.3	50.7	1000.6
1564801202	25.3	50.9	1000.6
1564801322	25.2	50.8	1000.5
1564801442	25.2	50.9	1000.5
1564801561	25.2	51.0	1000.5
1564801681	25.2	51.0	1000.5
1564801801	25.2	51.1	1000.6
1564801922	25.3	51.1	1000.6
1564802042	25.3	51.0	1000.5
1564802162	25.3	50.7	1000.5
1564802282	25.4	50.6	1000.5
1564802402	25.4	50.6	1000.5
1564802521	25.4	50.3	1000.5
1564802641	25.5	50.3	1000.5
1564802762	25.5	50.4	1000.6
1564802882	25.5	50.4	1000.5
1564803002	25.5	50.3	1000.6
1564803121	25.5	50.3	1000.5
1564803241	25.5	50.4	1000.5
1564803362	25.5	50.6	1000.6
1564803482	25.5	50.8	1000.5
1564803602	25.5	50.9	1000.6
1564803722	25.4	50.9	1000.6
1564803842	12.7	3302.4	1000.7
1564803961	25.4	51.1	1000.5
1564804081	25.4	51.3	1000.6
1564804202	25.4	51.5	1000.6
1564804322	25.3	51.5	1000.6
1564804442	25.3	51.5	1000.6
1564804562	25.3	51.7	1000.7
1564804682	25.3	51.8	1000.6
1564804801	25.3	51.8	1000.7
1564804922	25.3	51.8	1000.8
1564805042	25.3	51.9	1000.8
1564805162	25.3	51.9	1000.8
1564805281	25.3	51.9	1000.9
1564805401	25.3	52.0	1000.9
1564805522	25.3	52.1	1000.9
1564805642	25.3	52.1	1001.0
1564805762	25.3	52.2	1001.0
1564805882	25.3	52.2	1001.1
1564806002	25.3	52.3	1001.1
1564806122	25.3	52.4	1001.2
1564806241	25.3	52.4	1001.1
1564806361	25.3	52.5	1001.2
1564806482	25.2	52.5	1001.2
1564806602	25.2	52.8	1001.3
1564806722	25.1	52.7	1001.4
1564806842	25.2	52.8	1001.4
1564806962	25.1	53.0	1001.4
1564807082	25.1	53.2	1001.5
1564807202	25.1	53.0	1001.5
1564807322	25.2	53.0	1001.5
1564807441	25.2	53.0	1001.5
1564807561	25.2	53.0	1001.6
1564807682	25.1	53.0	1001.6
1564807802	25.2	53.1	1001.7
1564807922	25.2	52.9	1001.7
1564808042	25.2	52.9	1001.7
1564808162	25.2	53.0	1001.7
1564808281	25.3	53.1	1001.8
1564808402	25.3	53.2	1001.7
1564808521	25.2	53.2	1001.7
1564808642	25.2	53.2	1001.8
1564808762	25.2	53.1	1001.8
1564808882	25.2	53.1	1001.9
1564809002	25.2	53.1	1002.0
1564809122	25.3	53.3	1001.9
1564809242	25.2	53.2	1002.0
1564809361	25.2	53.2	1002.0
1564809481	25.2	53.2	1002.1
1564809602	25.2	53.2	1002.0
1564809722	25.2	53.2	1002.1
1564809842	25.2	53.2	1002.1
1564809962	25.2	53.2	1002.1
1564810082	25.0	54.2	1002.1
1564810202	24.3	55.9	1002.2
1564810322	24.3	55.9	1002.1
1564810442	24.2	56.6	1002.2
1564810561	24.2	57.1	1002.2
1564810681	24.2	56.9	1002.3
1564810802	24.1	57.2	1002.2
1564810922	24.0	57.3	1002.3
1564811042	23.9	57.5	1002.3
1564811162	23.9	57.9	1002.3
1564811282	23.9	58.1	1002.3
1564811401	23.8	58.0	1002.4
1564811521	23.8	58.1	1002.4
1564811642	23.8	58.1	1002.4
1564811762	23.8	58.2	1002.4
1564811882	23.9	58.0	1002.4
1564812002	23.8	58.2	1002.5
1564812122	23.7	58.2	1002.5
1564812241	23.7	58.2	1002.4
1564812361	23.6	58.2	1002.4
1564812482	23.5	58.4	1002.5
1564812602	23.3	58.8	1002.4
1564812722	23.4	58.7	1002.4
1564812842	23.3	58.8	1002.5
1564812962	23.4	58.7	1002.5
1564813082	23.6	58.2	1002.5
1564813201	23.7	57.8	1002.6
1564813321	23.8	57.5	1002.5
1564813442	23.9	57.2	1002.6
1564813562	23.9	57.0	1002.6
1564813682	23.9	56.8	1002.6
1564813802	24.2	56.4	1002.7
1564813922	24.2	56.4	1002.6
1564814042	24.2	56.2	1002.7
1564814162	24.2	56.1	1002.7
1564814282	24.3	56.0	1002.8
1564814402	24.2	55.9	1002.7
1564814522	24.3	55.9	1002.7
1564814641	24.2	55.8	1002.8
1564814762	24.2	55.7	1002.8
1564814882	24.2	55.7	1002.7
1564815002	24.2	55.7	1002.8
1564815122	24.1	55.8	1002.9
1564815242	24.2	55.9	1003.0
1564815361	24.2	55.6	1002.9
1564815481	24.1	55.7	1003.0
1564815602	24.1	55.6	1003.1
1564815722	24.1	55.6	1003.1
1564815842	24.1	55.6	1003.1
1564815962	24.0	55.3	1003.0
1564816082	24.1	55.4	1003.2
1564816202	24.0	55.4	1003.0
1564816321	24.1	55.4	1003.2
1564816441	24.2	55.1	1003.2
1564816562	24.3	55.1	1003.3
1564816682	24.3	55.1	1003.4
1564816802	24.3	55.1	1003.4
1564816922	24.3	55.1	1003.4
1564817042	24.2	55.1	1003.4
1564817161	24.2	55.2	1003.5
1564817281	24.2	55.2	1003.4
1564817402	24.2	55.0	1003.4
1564817521	24.2	55.0	1003.5
1564817642	24.2	55.0	1003.4
1564817762	24.2	55.0	1003.5
1564817882	24.1	54.9	1003.4
1564818002	24.1	54.8	1003.5
1564818122	24.2	54.7	1003.5
1564818241	24.2	54.7	1003.6
1564818361	24.3	54.5	1003.5
1564818482	24.4	54.1	1003.5
1564818602	24.4	54.1	1003.5
1564818722	24.3	54.1	1003.6
1564818842	24.2	54.1	1003.5
1564818962	24.2	54.1	1003.5
1564819081	24.2	54.0	1003.7
1564819202	24.3	53.9	1003.7
1564819321	24.3	53.9	1003.7
1564819442	24.4	53.5	1003.6
1564819562	24.4	53.5	1003.7
1564819682	24.4	53.6	1003.7
1564819802	24.3	53.8	1003.7
1564819922	24.3	53.9	1003.6
1564820042	24.2	53.9	1003.7
1564820161	24.3	53.8	1003.6
1564820281	24.3	53.8	1003.7
1564820401	24.3	53.9	1003.8
1564820522	24.4	53.6	1003.7
1564820642	24.4	53.4	1003.7
1564820762	24.5	53.3	1003.7
1564820882	24.5	53.4	1003.7
1564821002	24.6	53.0	1003.8
1564821122	24.6	53.0	1003.8
1564821241	24.7	52.9	1003.8
1564821362	24.6	53.0	1003.8
1564821482	24.5	52.7	1003.9
1564821602	24.5	52.4	1004.0
1564821722	24.4	52.0	1003.8
1564821842	24.4	51.9	1004.0
1564821962	24.4	51.8	1004.1
1564822081	24.4	51.7	1004.0
1564822202	24.5	51.6	1004.0
1564822322	24.6	51.7	1004.0
1564822442	24.6	51.7	1004.1
1564822562	24.7	51.4	1004.0
1564822682	24.8	51.2	1004.0
1564822801	24.9	50.7	1004.0
1564822922	24.9	50.7	1004.0
1564823042	25.0	50.4	1004.1
1564823161	25.0	50.2	1004.1
1564823281	24.9	50.2	1004.1
1564823401	24.9	50.1	1004.1
1564823522	25.0	49.9	1004.1
1564823642	24.9	49.8	1004.1
1564823762	24.8	50.1	1004.1
1564823882	25.0	49.9	1004.1
1564824002	25.2	49.7	1004.0
1564824122	25.2	49.4	1004.0
1564824241	25.3	49.1	1004.1
1564824361	25.4	48.7	1004.1
1564824482	25.5	48.3	1004.0
1564824602	25.6	48.0	1004.1
1564824722	25.6	48.0	1004.1
1564824841	25.6	47.9	1004.0
1564824962	25.7	47.9	1004.0
1564825082	25.9	47.9	1004.0
1564825202	25.9	47.8	1004.0
1564825322	26.0	47.6	1004.2
1564825442	25.7	48.1	1004.1
1564825562	25.8	48.3	1004.1
1564825681	25.7	48.3	1004.2
1564825802	25.7	48.2	1004.1
1564825922	25.8	48.2	1004.2
1564826042	26.0	47.8	1004.1
1564826162	26.3	47.2	1004.4
1564826282	26.1	47.0	1004.2
1564826401	25.5	48.0	1004.2
1564826522	25.5	48.0	1004.3
1564826641	25.5	48.1	1004.3
1564826761	25.4	48.3	1004.4
1564826882	25.3	48.4	1004.3
1564827002	25.3	48.5	1003.9
1564827122	25.4	48.6	1001.5
1564827242	26.6	47.2	1001.6
1564827362	28.5	42.6	1001.6
1564827482	29.7	40.0	1004.4
1564827601	28.7	40.1	1004.2
1564827721	27.6	42.6	1004.3
1564827842	27.9	41.4	1004.3
1564827962	27.1	43.3	1004.2
1564828082	26.6	44.4	1004.3
1564828202	26.0	46.0	1004.2
1564828321	26.0	46.0	1004.4
1564828442	26.0	46.4	1004.4
1564828562	25.7	46.8	1004.5
1564828682	25.6	47.0	1004.4
1564828802	25.5	47.2	1004.5
1564828922	25.5	47.3	1004.5
1564829042	25.5	47.3	1004.5
1564829161	25.5	47.4	1004.4
1564829282	25.5	47.4	1004.5
1564829402	25.6	47.4	1004.4
1564829522	25.6	47.4	1004.4
1564829642	25.6	47.4	1004.5
1564829762	25.6	47.5	1004.3
1564829881	25.6	47.4	1004.5
1564830001	25.5	47.5	1004.5
1564830122	25.5	47.5	1004.4
1564830242	25.5	47.6	1004.4
1564830361	25.6	48.0	1004.4
1564830481	25.7	47.8	1004.4
1564830601	25.7	47.7	1004.4
1564830722	25.7	47.5	1004.4
1564830842	25.8	47.5	1004.3
1564830962	25.9	47.0	1004.3
1564831082	25.9	46.5	1004.3
1564831202	26.0	46.0	1004.1
1564831322	26.1	45.1	1004.4
1564831441	26.2	44.8	1004.4
1564831562	26.2	44.9	1004.4
1564831682	26.1	45.1	1004.2
1564831802	26.3	44.8	1004.4
1564831922	26.2	44.7	1004.4
1564832042	26.2	44.7	1004.2
1564832162	26.3	44.3	1004.2
1564832282	26.5	44.1	1004.2
1564832402	26.5	43.9	1004.2
1564832522	26.6	44.0	1004.2
1564832641	26.6	43.8	1004.1
1564832761	26.6	44.1	1004.2
1564832882	26.6	44.2	1004.4
1564833002	26.4	44.4	1004.3
1564833121	26.3	44.3	1004.0
1564833242	26.6	44.5	1004.4
1564833362	26.5	44.3	1004.3
1564833482	26.4	43.5	1004.1
1564833602	26.5	42.9	1004.3
1564833722	26.5	42.9	1004.2
1564833842	26.4	43.0	1004.3
1564833962	26.4	43.0	1004.0
1564834082	26.5	42.8	1004.2
1564834201	26.6	42.9	1004.1
1564834321	26.5	42.9	1004.1
1564834442	26.6	43.2	1004.2
1564834562	26.6	43.1	1004.1
1564834682	26.6	42.9	1004.2
1564834802	26.7	42.7	1004.2
1564834922	26.8	42.1	1004.4
1564835042	26.7	41.5	1004.3
1564835161	26.7	41.5	1004.4
1564835281	26.7	41.3	1004.3
1564835402	26.6	41.1	1004.3
1564835522	26.6	41.2	1004.3
1564835642	26.5	41.5	1004.3
1564835762	26.5	41.8	1004.3
1564835882	26.5	42.1	1004.3
1564836002	26.5	42.2	1004.2
1564836121	26.5	42.3	1004.4
1564836242	26.5	42.3	1004.3
1564836362	26.5	42.4	1004.3
1564836482	26.5	42.6	1004.2
1564836602	26.5	42.8	1004.3
1564836722	26.5	42.7	1004.2
1564836841	26.5	42.9	1004.2
1564836961	26.7	42.5	1004.1
1564837082	26.7	42.4	1004.2
1564837202	26.7	42.4	1004.2
1564837322	26.8	42.5	1004.1
1564837441	26.8	42.2	1004.1
1564837562	26.9	42.1	1004.0
1564837682	26.9	42.1	1004.0
1564837802	27.0	41.8	1004.0
1564837922	27.0	41.7	1004.1
1564838042	26.9	41.9	1004.1
1564838162	26.8	41.9	1004.1
1564838282	26.8	41.9	1004.1
1564838401	26.8	41.6	1004.2
1564838522	26.7	41.3	1004.1
1564838642	26.7	41.6	1004.1
1564838762	26.6	42.0	1004.2
1564838882	26.6	42.2	1004.1
1564839002	26.6	42.6	1004.1
1564839122	26.5	42.5	1004.1
1564839242	26.5	42.6	1004.2
1564839362	26.5	43.2	1004.1
1564839481	26.5	43.3	1004.1
1564839601	26.5	43.6	1004.1
1564839722	26.5	44.0	1004.1
1564839842	26.5	44.0	1004.0
1564839962	26.6	43.9	1004.0
1564840082	26.7	43.8	1004.1
1564840202	26.8	43.6	1004.1
1564840322	26.8	43.1	1004.2
1564840441	26.8	43.0	1004.2
1564840562	26.8	42.4	1004.1
1564840682	26.8	42.3	1004.2
1564840802	26.8	42.0	1004.2
1564840922	26.8	42.0	1004.1
1564841042	26.7	42.1	1004.1
1564841162	26.6	42.1	1004.1
1564841282	26.7	42.4	1004.1
1564841402	26.7	42.4	1004.2
1564841521	26.7	42.3	1004.0
1564841641	26.8	42.1	1004.1
1564841762	26.8	42.1	1004.1
1564841882	26.8	41.9	1004.1
1564842002	26.8	42.0	1004.1
1564842122	26.8	41.9	1004.1
1564842242	26.9	41.5	1004.1
1564842362	26.9	41.4	1004.1
1564842481	26.9	41.3	1004.1
1564842602	27.1	41.1	1004.0
1564842722	27.0	41.0	1004.1
1564842842	27.1	40.7	1004.1
1564842962	27.2	40.5	1004.1
1564843082	27.2	40.4	1004.0
1564843202	27.2	40.3	1004.0
1564843321	27.2	40.5	1004.0
1564843441	27.3	40.4	1004.1
1564843562	27.3	40.5	1004.1
1564843682	27.3	40.6	1004.1
1564843802	27.3	40.3	1004.1
1564843922	27.3	40.4	1004.0
1564844042	27.3	40.4	1004.0
1564844161	27.3	40.6	1004.0
1564844281	27.2	40.9	1003.9
1564844402	27.2	41.1	1003.9
1564844521	27.3	40.9	1004.0
1564844642	27.3	41.0	1004.0
1564844762	27.3	41.2	1003.9
1564844882	27.2	41.2	1003.8
1564845002	27.2	41.3	1003.9
1564845122	27.2	41.3	1004.0
1564845242	27.2	41.2	1003.8
1564845361	27.2	40.9	1003.8
1564845481	27.1	40.8	1003.9
1564845602	27.1	40.7	1003.8
1564845722	27.0	40.7	1003.8
1564845842	27.1	40.4	1003.9
1564845962	27.0	40.4	1003.9
1564846082	27.0	40.5	1003.9
1564846201	26.9	40.3	1003.8
1564846321	26.9	40.3	1003.8
1564846441	27.0	40.4	1003.8
1564846562	27.1	40.1	1003.8
1564846682	27.1	40.0	1003.8
1564846802	27.2	40.2	1003.8
1564846922	27.2	40.3	1003.7
1564847042	27.2	40.2	1003.8
1564847162	27.3	40.4	1003.7
1564847281	27.2	40.5	1003.8
1564847402	27.3	40.6	1003.9
1564847522	27.4	40.3	1003.7
1564847642	27.4	40.2	1003.7
1564847762	27.4	39.9	1003.8
1564847882	27.5	40.1	1003.9
1564848001	1.8	40.3	1003.8
1564848122	27.4	40.2	1003.8
1564848242	27.5	40.0	1003.9
1564848362	27.5	39.9	1003.9
1564848481	27.5	39.7	1003.8
1564848601	27.5	39.9	1003.8
1564848721	27.5	40.2	1003.9
1564848842	27.5	40.3	1003.7
1564848962	27.6	40.2	1003.7
1564849082	27.6	40.1	1003.8
1564849202	27.6	40.2	1003.7
1564849322	27.7	40.1	1003.7
1564849441	27.7	40.1	1003.7
1564849561	27.7	39.9	1003.8
1564849682	27.7	39.7	1003.7
1564849802	27.7	40.1	1003.7
1564849922	27.7	40.1	1003.7
1564850042	27.7	40.1	1003.7
1564850162	27.7	39.9	1003.7
1564850282	27.7	39.8	1003.7
1564850401	27.7	39.7	1003.7
1564850521	27.6	39.4	1003.8
1564850642	27.6	39.8	1003.6
1564850762	27.7	39.8	1003.7
1564850882	27.6	39.4	1003.7
1564851002	27.7	39.4	1003.6
1564851122	27.6	39.1	1003.6
1564851241	27.7	39.0	1003.7
1564851362	27.6	38.9	1003.6
1564851482	27.7	38.2	1003.6
1564851602	2.2	37.7	1003.6
1564851722	27.7	37.4	1003.7
1564851841	27.7	37.3	1003.7
1564851961	27.7	37.2	1003.6
1564852082	27.7	37.4	1003.7
1564852202	27.7	37.3	1003.6
1564852321	27.7	37.8	1003.7
1564852441	27.7	38.0	1003.5
1564852562	27.7	38.1	1003.6
1564852682	27.7	38.1	1003.6
1564852802	27.6	37.5	1003.7
1564852922	27.6	37.3	1003.7
1564853042	27.5	37.0	1003.6
1564853162	27.5	36.9	1003.7
1564853281	27.5	36.8	1003.6
1564853402	27.6	36.6	1003.6
1564853522	27.5	36.5	1003.7
1564853641	27.5	36.6	1003.6
1564853761	27.5	36.8	1003.6
1564853882	27.6	37.2	1003.6
1564854002	27.5	37.6	1003.6
1564854122	27.5	37.6	1003.6
1564854242	27.5	37.6	1003.7
1564854362	27.5	37.8	1003.7
1564854481	27.4	37.8	1003.6
1564854601	27.4	38.0	1003.8
1564854722	27.4	38.0	1003.7
1564854842	27.4	37.9	1003.8
1564854962	27.4	37.8	1003.8
1564855082	27.4	37.9	1003.7
1564855202	27.4	37.9	1003.8
1564855322	27.4	37.8	1003.8
1564855442	27.4	37.9	1003.8
1564855561	27.4	37.8	1003.8
1564855681	27.3	37.9	1003.9
1564855801	27.3	38.1	1003.8
1564855922	27.3	38.2	1003.8
1564856042	27.3	38.2	1003.8
1564856162	27.3	38.4	1003.9
1564856282	27.2	38.4	1003.9
1564856402	27.2	38.5	1003.9
1564856522	27.2	38.6	1003.8
1564856641	27.2	38.7	1003.9
1564856761	27.2	38.8	1003.8
1564856882	27.1	38.7	1003.9
1564857002	27.0	38.8	1003.9
1564857122	27.0	38.7	1004.0
1564857242	26.9	38.8	1003.9
1564857362	26.9	38.8	1004.1
1564857481	26.9	38.8	1004.0
1564857601	26.9	38.8	1004.1
1564857721	26.9	38.8	1004.1
1564857842	26.9	38.9	1004.1
1564857962	26.8	39.0	1004.1
1564858082	26.8	39.1	1004.0
1564858202	26.8	39.2	1004.1
1564858321	26.8	39.3	1004.2
1564858441	26.8	39.6	1004.2
1564858562	26.7	39.7	1004.1
1564858682	26.7	39.8	1004.2
1564858802	26.7	40.0	1004.2
1564858921	26.7	40.0	1004.2
1564859041	26.7	40.1	1004.2
1564859162	26.6	40.2	1004.1
1564859282	26.5	40.4	1004.2
1564859402	26.5	40.5	1004.2
1564859522	26.4	40.6	1004.3
1564859642	26.3	40.7	1004.3
1564859761	26.3	40.9	1004.4
1564859881	26.3	41.0	1004.3
1564860001	26.3	41.0	1004.4
1564860122	26.3	41.0	1004.5
1564860242	26.3	41.0	1004.5
1564860362	26.2	41.1	1004.4
1564860482	26.2	41.1	1004.5
1564860602	26.2	41.1	1004.6
1564860722	26.1	41.1	1004.6
1564860842	26.2	41.1	1004.6
1564860961	26.2	41.0	1004.5
1564861081	26.2	40.9	1004.6
1564861202	26.2	41.0	1004.7
1564861322	26.1	41.0	1004.6
1564861442	26.0	41.0	1004.6
1564861562	26.0	41.1	1004.6
1564861682	25.9	41.1	1004.5
1564861802	25.9	41.2	1004.6
1564861921	26.0	41.2	1004.5
1564862042	25.9	41.1	1004.6
1564862162	25.9	41.3	1004.6
1564862282	25.9	41.3	1004.6
1564862402	25.8	41.5	1004.6
1564862521	25.8	41.4	1004.6
1564862641	25.8	41.5	1004.6
1564862762	25.7	41.8	1004.6
1564862882	25.6	41.9	1004.6
1564863002	25.8	41.8	1004.6
1564863122	25.9	41.8	1004.5
1564863242	25.8	41.9	1004.7
1564863361	25.8	41.9	1004.7
1564863481	25.7	42.1	1004.7
1564863601	25.7	42.3	1004.7
1564863722	25.8	42.3	1004.7
1564863842	25.8	42.2	1004.7
1564863962	25.8	42.3	1004.7
1564864082	25.7	42.4	1004.8
1564864201	25.8	42.6	1004.8
1564864322	25.8	42.6	1004.7
1564864441	25.7	42.7	1004.9
1564864561	25.6	42.9	1004.8
1564864682	25.6	43.1	1004.8
1564864802	25.6	43.1	1004.9
1564864922	25.4	43.2	1004.9
1564865042	25.6	43.3	1004.8
1564865162	25.5	43.3	1004.8
1564865281	25.6	43.4	1004.9
1564865401	25.6	43.3	1004.9
1564865522	25.6	43.3	1004.9
1564865642	25.5	43.5	1004.9
1564865762	25.5	43.6	1004.8
1564865882	25.5	43.8	1004.8
1564866002	25.5	43.9	1004.8
1564866122	25.5	43.9	1004.9
1564866242	25.5	43.9	1005.0
1564866362	25.4	44.0	1004.9
1564866481	25.4	44.1	1004.9
1564866601	25.4	44.1	1004.9
1564866722	25.3	44.3	1004.9
1564866842	25.2	44.4	1004.9
1564866962	25.2	44.7	1005.0
1564867082	25.3	44.6	1005.0
1564867202	25.3	44.4	1004.9
1564867322	25.2	44.6	1005.0
1564867441	25.3	44.7	1005.0
1564867562	25.2	44.6	1005.0
1564867682	25.1	44.8	1005.1
1564867802	25.1	44.9	1005.1
1564867922	25.1	44.9	1005.0
1564868042	25.0	44.9	1005.0
1564868162	25.1	44.9	1005.1
1564868282	25.2	45.0	1005.1
1564868402	25.1	45.1	1005.1
1564868522	25.1	45.2	1005.1
1564868641	25.0	45.3	1005.2
1564868762	25.0	45.3	1005.1
1564868882	25.0	45.3	1005.2
1564869002	25.0	45.5	1005.1
1564869121	25.1	45.3	1005.2
1564869242	25.3	45.1	1005.1
1564869362	25.4	44.7	1005.1
1564869482	25.5	44.5	1005.0
1564869602	25.6	44.1	1005.1
1564869722	25.6	44.1	1005.3
1564869842	25.6	44.0	1005.1
1564869962	25.6	43.9	1005.2
1564870082	25.7	43.9	1005.1
1564870202	25.7	43.9	1005.2
1564870322	25.7	43.9	1005.2
1564870441	25.7	43.9	1005.2
1564870561	25.7	43.9	1005.1
1564870681	25.7	43.9	1005.1
1564870802	25.7	43.9	1005.2
1564870922	25.7	43.9	1005.1
1564871042	25.7	43.9	1005.2
1564871162	25.7	43.9	1005.1
1564871282	25.7	43.9	1005.1
1564871401	25.7	43.9	1005.1
1564871522	25.7	43.9	1005.0
1564871642	25.7	43.9	1005.0
1564871762	25.7	43.9	1005.0
1564871881	25.7	43.9	1005.1
1564872001	25.7	43.9	1005.1
1564872121	25.7	43.9	1005.2
1564872242	25.8	43.9	1005.0
1564872362	25.7	43.9	1005.0
1564872482	25.7	43.8	1005.0
1564872602	25.8	43.9	1005.1
1564872722	25.7	43.9	1005.1
1564872841	25.7	43.9	1005.0
1564872962	25.7	44.0	1005.1
1564873082	25.6	44.0	1005.0
1564873202	25.7	44.0	1005.0
1564873322	25.6	44.0	1005.0
1564873442	25.7	44.0	1004.9
1564873562	25.7	44.0	1005.0
1564873681	25.7	44.0	1005.0
1564873801	25.7	44.0	1005.0
1564873922	25.7	44.0	1005.0
1564874042	25.7	44.0	1005.0
1564874162	25.6	44.0	1004.9
1564874282	25.7	44.0	1005.0
1564874402	25.7	44.0	1004.9
1564874522	25.7	44.0	1005.0
1564874641	25.7	44.0	1005.0
1564874762	25.7	44.0	1005.1
1564874882	25.7	44.0	1004.9
1564875002	25.7	44.0	1004.9
1564875122	25.7	44.0	1004.9
1564875242	25.7	44.0	1005.0
1564875362	25.7	44.0	1005.0
1564875482	25.7	43.9	1005.0
1564875602	25.7	44.0	1005.0
1564875722	25.7	44.0	1005.0
1564875841	25.7	44.0	1005.0
1564875961	25.6	44.0	1005.0
1564876082	25.6	44.0	1005.0
1564876202	25.6	44.0	1005.0
1564876322	25.6	44.1	1005.0
1564876442	25.6	44.1	1005.0
1564876562	25.6	44.1	1005.0
1564876681	25.7	44.1	1005.0
1564876802	25.6	44.1	1005.0
1564876921	25.6	44.1	1005.0
1564877042	25.6	44.1	1005.0
1564877162	25.6	44.1	1004.9
1564877282	25.6	44.1	1005.0
1564877402	25.6	44.1	1005.0
1564877522	25.6	44.1	1005.0
1564877642	25.6	44.1	1005.0
1564877761	25.6	44.1	1004.9
1564877881	25.6	44.1	1005.0
1564878002	25.6	44.1	1005.0
1564878122	25.6	44.1	1005.0
1564878242	25.6	44.1	1004.9
1564878362	25.6	44.1	1004.9
1564878482	25.6	44.1	1005.0
1564878601	25.6	44.1	1005.0
1564878722	25.6	44.1	1004.9
1564878842	25.6	44.2	1004.9
1564878961	25.6	44.3	1005.0
1564879081	25.6	44.4	1004.9
1564879201	25.5	44.3	1004.9
1564879322	25.5	44.3	1004.8
1564879442	25.5	44.3	1005.0
1564879562	25.5	44.3	1005.0
1564879682	25.5	44.3	1005.0
1564879802	25.5	44.3	1005.0
1564879921	25.5	44.3	1004.9
1564880042	25.5	44.3	1004.9
1564880162	25.5	44.4	1005.0
1564880282	25.5	44.5	1005.0
1564880402	25.5	44.5	1004.9
1564880522	25.5	44.5	1004.9
1564880642	25.5	44.5	1005.0
1564880762	25.5	44.5	1004.9
1564880882	25.5	44.4	1005.0
1564881002	25.5	44.5	1005.0
1564881122	25.4	44.5	1005.0
1564881241	25.5	44.5	1004.9
1564881362	25.4	44.5	1005.0
1564881482	25.5	44.5	1005.0
1564881602	25.4	44.4	1005.0
1564881722	25.4	44.5	1004.9
1564881842	25.4	44.5	1004.9
1564881962	25.5	44.5	1004.9
1564882081	25.4	44.5	1005.0
1564882201	25.4	44.6	1004.9
1564882322	25.3	44.5	1004.9
1564882442	25.4	44.6	1005.0
1564882561	25.4	44.6	1005.0
1564882682	25.3	44.6	1005.0
1564882802	25.4	44.6	1004.9
1564882922	25.3	44.6	1004.9
1564883042	25.3	44.6	1004.9
1564883162	25.3	44.6	1005.0
1564883282	25.3	44.6	1004.9
1564883402	25.3	44.6	1004.9
1564883521	25.3	44.7	1005.0
1564883642	25.3	44.8	1005.0
1564883762	25.3	44.7	1004.9
1564883882	25.3	44.7	1005.0
1564884002	25.3	44.7	1004.9
1564884122	25.3	44.7	1004.9
1564884242	25.3	44.8	1004.9
1564884362	25.3	44.8	1005.0
1564884482	25.3	44.8	1004.9
1564884602	25.3	44.7	1005.0
1564884721	25.3	44.7	1005.0
1564884841	25.3	44.8	1004.9
1564884962	25.2	44.8	1004.8
1564885082	25.2	44.7	1004.9
1564885202	25.2	44.7	1004.9
1564885321	25.2	44.8	1004.9
1564885442	25.2	44.8	1004.8
1564885562	25.2	44.8	1004.8
1564885682	25.2	44.8	1004.9
1564885802	25.1	44.8	1004.9
1564885922	25.1	44.8	1004.9
1564886042	25.2	44.9	1004.8
1564886162	25.2	44.9	1004.9
1564886282	25.2	45.0	1004.9
1564886402	25.1	44.9	1004.9
1564886521	25.1	44.9	1005.0
1564886641	25.1	44.9	1005.0
1564886762	25.2	44.9	1005.0
1564886882	25.2	45.0	1004.9
1564887002	25.1	44.9	1005.0
1564887122	25.1	44.9	1005.0
1564887242	25.1	45.0	1004.9
1564887362	25.1	45.0	1005.0
1564887482	25.1	45.1	1004.9
1564887602	25.1	45.0	1004.9
1564887721	25.1	45.0	1004.9
1564887842	25.1	45.1	1004.9
1564887962	25.1	45.0	1004.8
1564888082	25.1	45.1	1004.8
1564888202	25.1	45.1	1004.8
1564888322	25.0	45.1	1004.9
1564888442	25.0	45.1	1004.8
1564888562	25.0	45.1	1004.8
1564888682	25.0	45.1	1004.8
1564888802	25.0	45.2	1004.9
1564888922	25.0	45.2	1004.8
1564889041	25.0	45.1	1004.9
1564889161	25.0	45.2	1004.8
1564889282	25.0	45.2	1004.8
1564889402	25.0	45.1	1004.8
1564889522	25.0	45.1	1004.7
1564889642	25.0	45.2	1004.9
1564889762	25.0	45.3	1004.8
1564889882	25.0	45.2	1004.8
1564890002	25.0	45.3	1004.9
1564890121	25.0	45.3	1004.8
1564890241	24.9	45.3	1004.9
1564890362	24.9	45.3	1004.9
1564890482	24.9	45.3	1004.9
1564890602	24.9	45.4	1004.9
1564890722	24.9	45.3	1004.8
1564890842	24.9	45.3	1004.9
1564890961	24.9	45.3	1004.9
1564891081	24.9	45.3	1004.8
1564891202	24.9	45.3	1004.9
1564891322	24.8	45.2	1004.9
1564891442	24.9	45.3	1004.9
1564891562	24.9	45.3	1004.9
1564891681	24.9	45.3	1004.9
1564891801	24.9	45.4	1004.9
1564891922	24.9	45.4	1004.9
1564892042	24.8	45.4	1005.0
1564892162	24.8	45.4	1004.9
1564892282	24.8	45.4	1004.9
1564892402	24.8	45.5	1004.9
1564892522	24.8	45.5	1004.9
1564892641	24.8	45.5	1004.9
1564892761	24.8	45.5	1004.9
1564892882	24.8	45.5	1004.9
1564893002	24.8	45.5	1005.0
1564893121	24.8	45.4	1005.0
1564893242	24.8	45.5	1005.0
1564893362	24.8	45.5	1005.0
1564893482	24.8	45.5	1004.9
1564893602	24.8	45.6	1005.0
1564893722	24.8	45.6	1004.9
1564893841	24.8	45.6	1004.9
1564893961	24.8	45.6	1005.0
1564894082	24.8	45.6	1004.9
1564894202	24.8	45.7	1005.0
1564894322	24.8	45.7	1004.9
1564894442	24.7	45.6	1005.0
1564894562	24.8	45.7	1004.9
1564894681	24.8	45.7	1004.9
1564894801	12.0	45.7	1005.0
1564894922	24.8	45.7	1005.0
1564895042	24.8	45.6	1005.0
1564895161	24.8	45.6	1005.0
1564895281	24.8	45.5	1005.0
1564895402	24.8	45.5	1005.0
1564895522	24.8	45.6	1005.1
1564895642	24.8	45.6	1005.1
1564895762	24.8	45.6	1005.1
1564895882	24.8	45.6	1005.1
1564896002	24.8	45.5	1005.1
1564896121	24.8	45.5	1005.2
1564896241	24.8	45.6	1005.1
1564896362	24.8	45.6	1005.2
1564896481	24.8	45.7	1005.2
1564896601	24.8	45.6	1005.2
1564896722	24.8	45.6	1005.2
1564896842	24.8	45.7	1005.2
1564896961	24.8	45.7	1005.3
1564897082	24.8	45.8	1005.2
1564897202	24.8	45.7	1005.2
1564897322	24.8	45.8	1005.2
1564897442	24.8	45.8	1005.3
1564897562	24.8	45.7	1005.3
1564897682	24.8	45.7	1005.2
1564897802	24.8	45.6	1005.3
1564897921	24.8	45.6	1005.2
1564898042	24.8	45.6	1005.2
1564898162	24.8	45.8	1005.2
1564898282	24.8	45.8	1005.2
1564898402	24.8	46.1	1005.2
1564898522	24.8	46.1	1005.3
1564898642	24.7	46.4	1005.3
1564898762	24.7	46.5	1005.4
1564898882	24.7	46.7	1005.3
1564899002	24.7	46.9	1005.3
1564899121	24.6	47.0	1005.3
1564899241	24.6	47.0	1005.4
1564899362	24.7	47.0	1005.3
1564899482	24.6	47.3	1005.4
1564899602	24.4	47.8	1005.3
1564899722	24.3	48.3	1005.4
1564899842	24.2	48.5	1005.4
1564899961	24.0	49.3	1005.4
1564900081	24.2	49.3	1005.3
1564900202	24.1	49.4	1005.3
1564900321	24.1	49.4	1005.4
1564900441	24.1	49.4	1005.3
1564900562	24.1	49.4	1005.3
1564900682	24.1	49.5	1005.4
1564900802	24.1	49.5	1005.4
1564900922	24.1	49.4	1005.3
1564901042	24.1	49.4	1005.3
1564901162	24.1	49.4	1005.4
1564901282	24.2	49.3	1005.3
1564901402	24.1	49.4	1005.3
1564901522	24.2	49.1	1005.4
1564901641	24.2	48.9	1005.3
1564901761	24.2	49.2	1005.4
1564901882	24.2	49.3	1005.4
1564902002	24.2	49.3	1005.4
1564902121	24.1	49.2	1005.4
1564902241	24.2	49.3	1005.3
1564902362	24.2	49.2	1005.4
1564902482	24.3	49.1	1005.4
1564902602	24.3	49.2	1005.4
1564902722	24.2	49.2	1005.3
1564902842	24.2	49.5	1005.3
1564902962	24.3	49.2	1005.3
1564903082	24.3	49.1	1005.3
1564903201	24.4	49.1	1005.3
1564903322	24.4	49.0	1005.3
1564903442	24.3	49.2	1005.3
1564903562	24.3	49.3	1005.3
1564903682	24.3	49.3	1005.3
1564903802	24.3	49.4	1005.2
1564903922	24.3	49.3	1005.3
1564904042	24.3	49.3	1005.2
1564904162	24.4	49.3	1005.3
1564904282	24.5	49.1	1005.3
1564904402	24.4	49.1	1005.2
1564904521	24.5	49.1	1005.2
1564904641	24.4	49.0	1005.3
1564904762	24.5	48.9	1005.3
1564904882	24.6	48.8	1005.2
1564905002	24.6	48.7	1005.2
1564905122	24.6	48.7	1005.3
1564905242	24.4	49.1	1005.3
1564905362	24.4	49.0	1005.3
1564905482	24.5	49.0	1005.3
1564905602	24.6	48.7	1005.2
1564905722	24.6	48.5	1005.3
1564905842	24.6	48.6	1005.2
1564905962	24.6	48.6	1005.1
1564906082	24.7	48.7	1005.2
1564906202	25.0	48.5	1005.2
1564903562	25.2	49.8	1005.1
1564906321	25.2	48.0	1005.2
1564906441	25.1	47.9	1005.1
1564906562	25.0	48.3	1005.3
1564906682	24.9	48.3	1005.2
1564906802	24.8	48.4	1005.2
1564906922	24.8	48.6	1005.2
1564907042	24.8	48.7	1005.2
1564907162	24.8	48.7	1005.3
1564907281	24.6	48.8	1005.2
1564907402	24.7	49.1	1005.3
1564907522	24.7	49.1	1005.2
1564907642	24.8	48.8	1005.3
1564907762	24.7	48.7	1005.3
1564907881	24.7	48.9	1005.3
1564908001	24.7	49.0	1005.3
1564908121	24.7	49.0	1005.2
1564908242	24.8	49.3	1005.2
1564908362	24.8	49.0	1005.3
1564908482	24.9	49.0	1005.2
1564908602	24.8	48.6	1005.2
1564908721	24.7	49.3	1005.1
1564908841	24.7	49.1	1005.2
1564908962	24.8	48.9	1005.2
1564909082	25.0	48.4	1005.2
1564909202	24.9	48.3	1005.2
1564909321	24.9	48.3	1005.1
1564909442	24.8	48.5	1005.1
1564909562	24.9	48.5	1005.1
1564909682	24.9	48.2	1005.0
1564909802	24.9	48.2	1005.2
1564909922	24.9	48.3	1005.1
1564910042	24.9	48.2	1005.1
1564910161	24.8	48.0	1005.2
1564910281	24.6	48.4	1005.1
1564910401	24.4	48.2	1005.1
1564910522	24.4	48.6	1005.0
1564910642	24.4	48.8	1004.9
1564910762	24.4	48.6	1005.0
1564910882	24.5	48.6	1004.9
1564911002	24.5	48.2	1005.0
1564911122	24.6	48.3	1005.0
1564911242	24.7	48.0	1005.0
1564911361	24.7	47.9	1005.0
1564911481	24.6	48.0	1005.0
1564911601	24.6	48.3	1004.9
1564911722	24.8	49.2	1004.9
1564911842	24.8	48.4	1004.9
1564911962	24.8	48.5	1004.9
1564912082	24.8	47.5	1004.9
1564912202	24.7	47.6	1004.8
